#
# There is insufficient memory for the Java Runtime Environment to continue.
# Native memory allocation (malloc) failed to allocate 39360 bytes for Chunk::new
# Possible reasons:
#   The system is out of physical RAM or swap space
#   In 32 bit mode, the process size limit was hit
# Possible solutions:
#   Reduce memory load on the system
#   Increase physical memory or swap space
#   Check if swap backing store is full
#   Use 64 bit Java on a 64 bit OS
#   Decrease Java heap size (-Xmx/-Xms)
#   Decrease number of Java threads
#   Decrease Java thread stack sizes (-Xss)
#   Set larger code cache with -XX:ReservedCodeCacheSize=
# This output file may be truncated or incomplete.
#
#  Out of Memory Error (allocation.cpp:390), pid=11076, tid=0x0000000000002c10
#
# JRE version: Java(TM) SE Runtime Environment (8.0_121-b13) (build 1.8.0_121-b13)
# Java VM: Java HotSpot(TM) 64-Bit Server VM (25.121-b13 mixed mode windows-amd64 compressed oops)
# Failed to write core dump. Minidumps are not enabled by default on client versions of Windows
#

---------------  T H R E A D  ---------------

Current thread (0x0000000017911000):  JavaThread "C2 CompilerThread0" daemon [_thread_in_native, id=11280, stack(0x0000000019060000,0x0000000019160000)]

Stack: [0x0000000019060000,0x0000000019160000]
[error occurred during error reporting (printing stack bounds), id 0xc0000005]

Native frames: (J=compiled Java code, j=interpreted, Vv=VM code, C=native code)


Current CompileTask:
C2:  41838 1106   !   4       sun.nio.ch.SelectorImpl::lockAndDoSelect (72 bytes)


---------------  P R O C E S S  ---------------

Java Threads: ( => current thread )
  0x0000000019f6c800 JavaThread "forward input" [_thread_blocked, id=11356, stack(0x000000001a8a0000,0x000000001a9a0000)]
  0x0000000019f6c000 JavaThread "DisconnectableInputStream source reader" daemon [_thread_in_native, id=7108, stack(0x000000001a7a0000,0x000000001a8a0000)]
  0x0000000019383000 JavaThread "Service Thread" daemon [_thread_blocked, id=7632, stack(0x0000000019760000,0x0000000019860000)]
  0x0000000017918000 JavaThread "C1 CompilerThread2" daemon [_thread_blocked, id=6756, stack(0x0000000019260000,0x0000000019360000)]
  0x0000000017913000 JavaThread "C2 CompilerThread1" daemon [_thread_blocked, id=1088, stack(0x0000000019160000,0x0000000019260000)]
=>0x0000000017911000 JavaThread "C2 CompilerThread0" daemon [_thread_in_native, id=11280, stack(0x0000000019060000,0x0000000019160000)]
  0x000000001790f000 JavaThread "Attach Listener" daemon [_thread_blocked, id=11220, stack(0x0000000018f60000,0x0000000019060000)]
  0x000000001790d800 JavaThread "Signal Dispatcher" daemon [_thread_blocked, id=3472, stack(0x0000000018e60000,0x0000000018f60000)]
  0x000000000531d800 JavaThread "Finalizer" daemon [_thread_blocked, id=9684, stack(0x0000000018b70000,0x0000000018c70000)]
  0x0000000005312000 JavaThread "Reference Handler" daemon [_thread_blocked, id=11712, stack(0x0000000018a70000,0x0000000018b70000)]
  0x00000000038de000 JavaThread "main" [_thread_in_native, id=8032, stack(0x0000000005120000,0x0000000005220000)]

Other Threads:
  0x00000000178d7000 VMThread [stack: 0x0000000018970000,0x0000000018a70000] [id=4344]
  0x00000000193bb000 WatcherThread [stack: 0x0000000019860000,0x0000000019960000] [id=11720]

VM state:not at safepoint (normal execution)

VM Mutex/Monitor currently owned by a thread: None

Heap:
 PSYoungGen      total 18944K, used 7223K [0x00000000eb300000, 0x00000000ec800000, 0x0000000100000000)
  eden space 16384K, 28% used [0x00000000eb300000,0x00000000eb78dff0,0x00000000ec300000)
  from space 2560K, 100% used [0x00000000ec580000,0x00000000ec800000,0x00000000ec800000)
  to   space 2560K, 0% used [0x00000000ec300000,0x00000000ec300000,0x00000000ec580000)
 ParOldGen       total 44032K, used 1721K [0x00000000c1800000, 0x00000000c4300000, 0x00000000eb300000)
  object space 44032K, 3% used [0x00000000c1800000,0x00000000c19ae600,0x00000000c4300000)
 Metaspace       used 10355K, capacity 10662K, committed 10752K, reserved 1058816K
  class space    used 1388K, capacity 1527K, committed 1536K, reserved 1048576K

Card table byte_map: [0x00000000146e0000,0x00000000148e0000] byte_map_base: 0x00000000140d4000

Marking Bits: (ParMarkBitMap*) 0x00000000699cb6d0
 Begin Bits: [0x0000000014e30000, 0x0000000015dd0000)
 End Bits:   [0x0000000015dd0000, 0x0000000016d70000)

Polling page: 0x0000000003390000

CodeCache: size=245760Kb used=3744Kb max_used=3764Kb free=242016Kb
 bounds [0x0000000005320000, 0x00000000056e0000, 0x0000000014320000]
 total_blobs=1455 nmethods=1106 adapters=262
 compilation: enabled

Compilation events (10 events):
Event: 41.673 Thread 0x0000000017913000 1103       4       java.nio.Bits::copyToArray (68 bytes)
Event: 41.674 Thread 0x0000000017913000 nmethod 1103 0x0000000005690550 code [0x0000000005690680, 0x0000000005690718]
Event: 41.675 Thread 0x0000000017911000 nmethod 1102 0x00000000056c1b10 code [0x00000000056c1c60, 0x00000000056c2018]
Event: 41.685 Thread 0x0000000017913000 1104   !   4       org.gradle.internal.remote.internal.inet.SocketConnection$SocketInputStream::read (143 bytes)
Event: 41.686 Thread 0x0000000017911000 1105       4       sun.nio.ch.SelectorImpl::select (6 bytes)
Event: 41.740 Thread 0x0000000017911000 nmethod 1105 0x00000000056c77d0 code [0x00000000056c7a00, 0x00000000056c9c10]
Event: 41.740 Thread 0x0000000017911000 1106   !   4       sun.nio.ch.SelectorImpl::lockAndDoSelect (72 bytes)
Event: 41.759 Thread 0x0000000017913000 nmethod 1104 0x00000000056cc2d0 code [0x00000000056cc580, 0x00000000056cefc0]
Event: 41.759 Thread 0x0000000017913000 1107       4       sun.nio.ch.WindowsSelectorImpl::updateSelectedKeys (74 bytes)
Event: 41.762 Thread 0x0000000017913000 nmethod 1107 0x00000000056ba950 code [0x00000000056baac0, 0x00000000056bac68]

GC Heap History (4 events):
Event: 0.569 GC heap before
{Heap before GC invocations=1 (full 0):
 PSYoungGen      total 18944K, used 16384K [0x00000000eb300000, 0x00000000ec800000, 0x0000000100000000)
  eden space 16384K, 100% used [0x00000000eb300000,0x00000000ec300000,0x00000000ec300000)
  from space 2560K, 0% used [0x00000000ec580000,0x00000000ec580000,0x00000000ec800000)
  to   space 2560K, 0% used [0x00000000ec300000,0x00000000ec300000,0x00000000ec580000)
 ParOldGen       total 44032K, used 0K [0x00000000c1800000, 0x00000000c4300000, 0x00000000eb300000)
  object space 44032K, 0% used [0x00000000c1800000,0x00000000c1800000,0x00000000c4300000)
 Metaspace       used 6356K, capacity 6566K, committed 6912K, reserved 1056768K
  class space    used 820K, capacity 915K, committed 1024K, reserved 1048576K
Event: 0.573 GC heap after
Heap after GC invocations=1 (full 0):
 PSYoungGen      total 18944K, used 2536K [0x00000000eb300000, 0x00000000ec800000, 0x0000000100000000)
  eden space 16384K, 0% used [0x00000000eb300000,0x00000000eb300000,0x00000000ec300000)
  from space 2560K, 99% used [0x00000000ec300000,0x00000000ec57a218,0x00000000ec580000)
  to   space 2560K, 0% used [0x00000000ec580000,0x00000000ec580000,0x00000000ec800000)
 ParOldGen       total 44032K, used 553K [0x00000000c1800000, 0x00000000c4300000, 0x00000000eb300000)
  object space 44032K, 1% used [0x00000000c1800000,0x00000000c188a668,0x00000000c4300000)
 Metaspace       used 6356K, capacity 6566K, committed 6912K, reserved 1056768K
  class space    used 820K, capacity 915K, committed 1024K, reserved 1048576K
}
Event: 3.346 GC heap before
{Heap before GC invocations=2 (full 0):
 PSYoungGen      total 18944K, used 18920K [0x00000000eb300000, 0x00000000ec800000, 0x0000000100000000)
  eden space 16384K, 100% used [0x00000000eb300000,0x00000000ec300000,0x00000000ec300000)
  from space 2560K, 99% used [0x00000000ec300000,0x00000000ec57a218,0x00000000ec580000)
  to   space 2560K, 0% used [0x00000000ec580000,0x00000000ec580000,0x00000000ec800000)
 ParOldGen       total 44032K, used 553K [0x00000000c1800000, 0x00000000c4300000, 0x00000000eb300000)
  object space 44032K, 1% used [0x00000000c1800000,0x00000000c188a668,0x00000000c4300000)
 Metaspace       used 10322K, capacity 10662K, committed 10752K, reserved 1058816K
  class space    used 1388K, capacity 1527K, committed 1536K, reserved 1048576K
Event: 3.368 GC heap after
Heap after GC invocations=2 (full 0):
 PSYoungGen      total 18944K, used 2560K [0x00000000eb300000, 0x00000000ec800000, 0x0000000100000000)
  eden space 16384K, 0% used [0x00000000eb300000,0x00000000eb300000,0x00000000ec300000)
  from space 2560K, 100% used [0x00000000ec580000,0x00000000ec800000,0x00000000ec800000)
  to   space 2560K, 0% used [0x00000000ec300000,0x00000000ec300000,0x00000000ec580000)
 ParOldGen       total 44032K, used 1721K [0x00000000c1800000, 0x00000000c4300000, 0x00000000eb300000)
  object space 44032K, 3% used [0x00000000c1800000,0x00000000c19ae600,0x00000000c4300000)
 Metaspace       used 10322K, capacity 10662K, committed 10752K, reserved 1058816K
  class space    used 1388K, capacity 1527K, committed 1536K, reserved 1048576K
}

Deoptimization events (3 events):
Event: 0.274 Thread 0x00000000038de000 Uncommon trap: reason=unstable_if action=reinterpret pc=0x0000000005492fd0 method=java.lang.String.startsWith(Ljava/lang/String;I)Z @ 25
Event: 0.762 Thread 0x00000000038de000 Uncommon trap: reason=unstable_if action=reinterpret pc=0x000000000559695c method=java.util.HashMap.getNode(ILjava/lang/Object;)Ljava/util/HashMap$Node; @ 129
Event: 22.188 Thread 0x00000000038de000 Uncommon trap: reason=unstable_if action=reinterpret pc=0x0000000005696780 method=org.gradle.internal.logging.sink.OutputEventRenderer$4.onOutput(Lorg/gradle/internal/logging/events/OutputEvent;)V @ 7

Internal exceptions (10 events):
Event: 1.406 Thread 0x00000000038de000 Exception <a 'java/lang/NoSuchMethodError': <clinit>> (0x00000000ec0ead08) thrown at [C:\re\workspace\8-2-build-windows-amd64-cygwin\jdk8u121\8372\hotspot\src\share\vm\prims\jni.cpp, line 1613]
Event: 1.406 Thread 0x00000000038de000 Exception <a 'java/lang/NoSuchMethodError': <clinit>> (0x00000000ec0f22f0) thrown at [C:\re\workspace\8-2-build-windows-amd64-cygwin\jdk8u121\8372\hotspot\src\share\vm\prims\jni.cpp, line 1613]
Event: 1.408 Thread 0x00000000038de000 Exception <a 'java/lang/NoSuchMethodError': <clinit>> (0x00000000ec10e848) thrown at [C:\re\workspace\8-2-build-windows-amd64-cygwin\jdk8u121\8372\hotspot\src\share\vm\prims\jni.cpp, line 1613]
Event: 1.418 Thread 0x00000000038de000 Exception <a 'java/lang/NoSuchMethodError': <clinit>> (0x00000000ec15ca10) thrown at [C:\re\workspace\8-2-build-windows-amd64-cygwin\jdk8u121\8372\hotspot\src\share\vm\prims\jni.cpp, line 1613]
Event: 1.421 Thread 0x00000000038de000 Exception <a 'java/lang/NoSuchMethodError': <clinit>> (0x00000000ec17cad8) thrown at [C:\re\workspace\8-2-build-windows-amd64-cygwin\jdk8u121\8372\hotspot\src\share\vm\prims\jni.cpp, line 1613]
Event: 1.421 Thread 0x00000000038de000 Exception <a 'java/lang/NoSuchMethodError': <clinit>> (0x00000000ec1852c8) thrown at [C:\re\workspace\8-2-build-windows-amd64-cygwin\jdk8u121\8372\hotspot\src\share\vm\prims\jni.cpp, line 1613]
Event: 1.423 Thread 0x00000000038de000 Exception <a 'java/lang/NoSuchMethodError': <clinit>> (0x00000000ec192440) thrown at [C:\re\workspace\8-2-build-windows-amd64-cygwin\jdk8u121\8372\hotspot\src\share\vm\prims\jni.cpp, line 1613]
Event: 1.426 Thread 0x00000000038de000 Exception <a 'java/lang/NoSuchMethodError': <clinit>> (0x00000000ec1ab930) thrown at [C:\re\workspace\8-2-build-windows-amd64-cygwin\jdk8u121\8372\hotspot\src\share\vm\prims\jni.cpp, line 1613]
Event: 1.460 Thread 0x00000000038de000 Exception <a 'java/lang/NoSuchMethodError': <clinit>> (0x00000000ec1d5cc8) thrown at [C:\re\workspace\8-2-build-windows-amd64-cygwin\jdk8u121\8372\hotspot\src\share\vm\prims\jni.cpp, line 1613]
Event: 1.463 Thread 0x00000000038de000 Exception <a 'java/lang/NoSuchMethodError': <clinit>> (0x00000000ec1dfa78) thrown at [C:\re\workspace\8-2-build-windows-amd64-cygwin\jdk8u121\8372\hotspot\src\share\vm\prims\jni.cpp, line 1613]

Events (10 events):
Event: 3.247 Thread 0x00000000038de000 DEOPT UNPACKING pc=0x000000000536787f sp=0x000000000521ca70 mode 0
Event: 3.346 Executing VM operation: ParallelGCFailedAllocation
Event: 3.368 Executing VM operation: ParallelGCFailedAllocation done
Event: 4.091 Executing VM operation: EnableBiasedLocking
Event: 4.091 Executing VM operation: EnableBiasedLocking done
Event: 4.689 loading class java/util/ArrayList$1
Event: 4.689 loading class java/util/ArrayList$1 done
Event: 22.188 Thread 0x00000000038de000 Uncommon trap: trap_request=0xffffff65 fr.pc=0x0000000005696780
Event: 22.188 Thread 0x00000000038de000 DEOPT PACKING pc=0x0000000005696780 sp=0x000000000521d4e0
Event: 22.188 Thread 0x00000000038de000 DEOPT UNPACKING pc=0x000000000536582a sp=0x000000000521d320 mode 2


Dynamic libraries:
0x00007ff66c580000 - 0x00007ff66c5b7000 	C:\Program Files\Java\jdk1.8.0_121\bin\java.exe
0x00007ffd97b80000 - 0x00007ffd97d60000 	C:\WINDOWS\SYSTEM32\ntdll.dll
0x00007ffd97320000 - 0x00007ffd973ce000 	C:\WINDOWS\System32\KERNEL32.DLL
0x00007ffd94a50000 - 0x00007ffd94cb6000 	C:\WINDOWS\System32\KERNELBASE.dll
0x00007ffd97a00000 - 0x00007ffd97aa1000 	C:\WINDOWS\System32\ADVAPI32.dll
0x00007ffd95540000 - 0x00007ffd955dd000 	C:\WINDOWS\System32\msvcrt.dll
0x00007ffd957b0000 - 0x00007ffd9580b000 	C:\WINDOWS\System32\sechost.dll
0x00007ffd95420000 - 0x00007ffd9553f000 	C:\WINDOWS\System32\RPCRT4.dll
0x00007ffd95cc0000 - 0x00007ffd95e4f000 	C:\WINDOWS\System32\USER32.dll
0x00007ffd95030000 - 0x00007ffd95050000 	C:\WINDOWS\System32\win32u.dll
0x00007ffd97290000 - 0x00007ffd972b8000 	C:\WINDOWS\System32\GDI32.dll
0x00007ffd94d70000 - 0x00007ffd94f03000 	C:\WINDOWS\System32\gdi32full.dll
0x00007ffd94f90000 - 0x00007ffd9502b000 	C:\WINDOWS\System32\msvcp_win.dll
0x00007ffd941b0000 - 0x00007ffd942a6000 	C:\WINDOWS\System32\ucrtbase.dll
0x00007ffd89e00000 - 0x00007ffd8a069000 	C:\WINDOWS\WinSxS\amd64_microsoft.windows.common-controls_6595b64144ccf1df_6.0.16299.431_none_15c7d3ee93659e73\COMCTL32.dll
0x00007ffd95810000 - 0x00007ffd95b18000 	C:\WINDOWS\System32\combase.dll
0x00007ffd94f10000 - 0x00007ffd94f82000 	C:\WINDOWS\System32\bcryptPrimitives.dll
0x00007ffd97b20000 - 0x00007ffd97b4d000 	C:\WINDOWS\System32\IMM32.DLL
0x000000006a340000 - 0x000000006a412000 	C:\Program Files\Java\jdk1.8.0_121\jre\bin\msvcr100.dll
0x00000000691b0000 - 0x0000000069a4b000 	C:\Program Files\Java\jdk1.8.0_121\jre\bin\server\jvm.dll
0x00007ffd95340000 - 0x00007ffd95348000 	C:\WINDOWS\System32\PSAPI.DLL
0x00007ffd8de40000 - 0x00007ffd8de4a000 	C:\WINDOWS\SYSTEM32\VERSION.dll
0x00007ffd91860000 - 0x00007ffd91883000 	C:\WINDOWS\SYSTEM32\WINMM.dll
0x00007ffd92bd0000 - 0x00007ffd92bd9000 	C:\WINDOWS\SYSTEM32\WSOCK32.dll
0x00007ffd978f0000 - 0x00007ffd9795c000 	C:\WINDOWS\System32\WS2_32.dll
0x00007ffd91800000 - 0x00007ffd9182a000 	C:\WINDOWS\SYSTEM32\WINMMBASE.dll
0x00007ffd94a00000 - 0x00007ffd94a4a000 	C:\WINDOWS\System32\cfgmgr32.dll
0x000000006a330000 - 0x000000006a33f000 	C:\Program Files\Java\jdk1.8.0_121\jre\bin\verify.dll
0x000000006a230000 - 0x000000006a259000 	C:\Program Files\Java\jdk1.8.0_121\jre\bin\java.dll
0x000000006a210000 - 0x000000006a226000 	C:\Program Files\Java\jdk1.8.0_121\jre\bin\zip.dll
0x00007ffd95e50000 - 0x00007ffd97288000 	C:\WINDOWS\System32\SHELL32.dll
0x00007ffd973d0000 - 0x00007ffd97476000 	C:\WINDOWS\System32\shcore.dll
0x00007ffd942b0000 - 0x00007ffd949f7000 	C:\WINDOWS\System32\windows.storage.dll
0x00007ffd955e0000 - 0x00007ffd95631000 	C:\WINDOWS\System32\shlwapi.dll
0x00007ffd93f10000 - 0x00007ffd93f21000 	C:\WINDOWS\System32\kernel.appcore.dll
0x00007ffd93f30000 - 0x00007ffd93f7c000 	C:\WINDOWS\System32\powrprof.dll
0x00007ffd93ef0000 - 0x00007ffd93f0b000 	C:\WINDOWS\System32\profapi.dll
0x000000006a1f0000 - 0x000000006a20a000 	C:\Program Files\Java\jdk1.8.0_121\jre\bin\net.dll
0x00007ffd93760000 - 0x00007ffd937c6000 	C:\WINDOWS\system32\mswsock.dll
0x000000006a1d0000 - 0x000000006a1e1000 	C:\Program Files\Java\jdk1.8.0_121\jre\bin\nio.dll
0x00007ffd8d680000 - 0x00007ffd8d69e000 	C:\Users\livsp\.gradle\native\25\windows-amd64\native-platform.dll
0x000000006a1c0000 - 0x000000006a1cd000 	C:\Program Files\Java\jdk1.8.0_121\jre\bin\management.dll
0x00007ffd93920000 - 0x00007ffd93937000 	C:\WINDOWS\SYSTEM32\CRYPTSP.dll
0x00007ffd93360000 - 0x00007ffd93393000 	C:\WINDOWS\system32\rsaenh.dll
0x00007ffd93a30000 - 0x00007ffd93a55000 	C:\WINDOWS\SYSTEM32\bcrypt.dll
0x00007ffd93e00000 - 0x00007ffd93e29000 	C:\WINDOWS\SYSTEM32\USERENV.dll
0x00007ffd93940000 - 0x00007ffd9394b000 	C:\WINDOWS\SYSTEM32\CRYPTBASE.dll
0x00007ffd934f0000 - 0x00007ffd93529000 	C:\WINDOWS\SYSTEM32\IPHLPAPI.DLL
0x00007ffd97ab0000 - 0x00007ffd97ab8000 	C:\WINDOWS\System32\NSI.dll
0x00007ffd8c610000 - 0x00007ffd8c626000 	C:\WINDOWS\SYSTEM32\dhcpcsvc6.DLL
0x00007ffd8b3f0000 - 0x00007ffd8b40a000 	C:\WINDOWS\SYSTEM32\dhcpcsvc.DLL

VM Arguments:
jvm_args: -Dorg.gradle.appname=gradlew 
java_command: org.gradle.wrapper.GradleWrapperMain installDebug
java_class_path (initial): c:\Users\livsp\Desktop\App\Unknown-project\android\\gradle\wrapper\gradle-wrapper.jar
Launcher Type: SUN_STANDARD

Environment Variables:
JAVA_HOME=C:\Program Files\Java\jdk1.8.0_121
CLASSPATH=c:\Users\livsp\Desktop\App\Unknown-project\android\\gradle\wrapper\gradle-wrapper.jar
PATH=C:\ProgramData\Oracle\Java\javapath;C:\WINDOWS\system32;C:\WINDOWS;C:\WINDOWS\System32\Wbem;C:\WINDOWS\System32\WindowsPowerShell\v1.0\;C:\Program Files (x86)\Windows Kits\10\Windows Performance Toolkit\;C:\Program Files\Java\jdk1.8.0_121\bin;C:\WINDOWS\system32\config\systemprofile\.dnx\bin;C:\Program Files\Microsoft DNX\Dnvm\;C:\Program Files\Microsoft SQL Server\130\Tools\Binn\;C:\Program Files\Git\cmd;C:\Program Files\MySQL\MySQL Utilities 1.6\;C:\Program Files\nodejs\;C:\Program Files\Java\jre1.8.0_151;C:\Program Files\Java\jdk1.8.0_121\lib;C:\Users\livsp\AppData\Local\Android\Sdk\tools;C:\Users\livsp\AppData\Local\Android\Sdk\platform-tools;C:\Users\livsp\AppData\Local\Microsoft\WindowsApps;C:\Users\livsp\AppData\Roaming\Dashlane\4.6.6.23032\bin\Firefox_Extension\{442718d9-475e-452a-b3e1-fb1ee16b8e9f}\components;C:\Users\livsp\AppData\Roaming\Dashlane\4.7.2.29375\bin\Firefox_Extension\{442718d9-475e-452a-b3e1-fb1ee16b8e9f}\components;C:\Users\livsp\AppData\Roaming\Dashlane\4.7.2.29375\ucrt;C:\Users\livsp\AppData\Roaming\npm;C:\Users\livsp\AppData\Local\atom\bin;C:\Users\livsp\AppData\Local\Microsoft\WindowsApps;C:\Program Files\Microsoft VS Code\bin
USERNAME=livsp
OS=Windows_NT
PROCESSOR_IDENTIFIER=Intel64 Family 6 Model 61 Stepping 4, GenuineIntel



---------------  S Y S T E M  ---------------

OS: Windows 10.0 , 64 bit Build 16299 (10.0.16299.431)

CPU:total 4 (2 cores per cpu, 2 threads per core) family 6 model 61 stepping 4, cmov, cx8, fxsr, mmx, sse, sse2, sse3, ssse3, sse4.1, sse4.2, popcnt, avx, avx2, aes, clmul, erms, 3dnowpref, lzcnt, ht, tsc, tscinvbit, bmi1, bmi2, adx

Memory: 4k page, physical 4091272k(529952k free), swap 6188424k(3880k free)

vm_info: Java HotSpot(TM) 64-Bit Server VM (25.121-b13) for windows-amd64 JRE (1.8.0_121-b13), built on Dec 12 2016 18:21:36 by "java_re" with MS VC++ 10.0 (VS2010)

time: Thu May 24 10:06:15 2018
elapsed time: 41 seconds (0d 0h 0m 41s)

